2015-03-05T13:37:30+00:00 NOTICE (5): Page not found
2015-03-05T13:37:30+00:00 NOTICE (5): Request Parameters
2015-03-05T13:37:31+00:00 NOTICE (5): Page not found
2015-03-05T13:37:31+00:00 NOTICE (5): Request Parameters
2015-03-05T13:40:36+00:00 NOTICE (5): Page not found
2015-03-05T13:40:36+00:00 NOTICE (5): Request Parameters
2015-03-05T13:40:36+00:00 NOTICE (5): Page not found
2015-03-05T13:40:36+00:00 NOTICE (5): Request Parameters
2015-03-05T13:40:38+00:00 NOTICE (5): Page not found
2015-03-05T13:40:38+00:00 NOTICE (5): Request Parameters
2015-03-05T13:45:17+00:00 NOTICE (5): Page not found
2015-03-05T13:45:17+00:00 NOTICE (5): Request Parameters
2015-03-05T13:45:33+00:00 NOTICE (5): Page not found
2015-03-05T13:45:33+00:00 NOTICE (5): Request Parameters
2015-03-05T13:45:50+00:00 NOTICE (5): Page not found
2015-03-05T13:45:50+00:00 NOTICE (5): Request Parameters
2015-03-05T13:46:05+00:00 NOTICE (5): Page not found
2015-03-05T13:46:05+00:00 NOTICE (5): Request Parameters
2015-03-05T13:46:11+00:00 NOTICE (5): Page not found
2015-03-05T13:46:11+00:00 NOTICE (5): Request Parameters
2015-03-05T13:46:41+00:00 NOTICE (5): Page not found
2015-03-05T13:46:41+00:00 NOTICE (5): Request Parameters
2015-03-05T13:46:46+00:00 NOTICE (5): Page not found
2015-03-05T13:46:46+00:00 NOTICE (5): Request Parameters
2015-03-05T13:48:25+00:00 NOTICE (5): Page not found
2015-03-05T13:48:25+00:00 NOTICE (5): Request Parameters
2015-03-05T13:48:32+00:00 NOTICE (5): Page not found
2015-03-05T13:48:32+00:00 NOTICE (5): Request Parameters
2015-03-05T13:50:44+00:00 NOTICE (5): Page not found
2015-03-05T13:50:44+00:00 NOTICE (5): Request Parameters
2015-03-05T14:01:22+00:00 NOTICE (5): Page not found
2015-03-05T14:01:22+00:00 NOTICE (5): Request Parameters
2015-03-05T14:02:09+00:00 NOTICE (5): Page not found
2015-03-05T14:02:09+00:00 NOTICE (5): Request Parameters
2015-03-05T14:02:12+00:00 NOTICE (5): Page not found
2015-03-05T14:02:12+00:00 NOTICE (5): Request Parameters
2015-03-05T14:02:23+00:00 NOTICE (5): Page not found
2015-03-05T14:02:23+00:00 NOTICE (5): Request Parameters
2015-03-05T14:02:25+00:00 NOTICE (5): Page not found
2015-03-05T14:02:25+00:00 NOTICE (5): Request Parameters
2015-03-05T14:03:01+00:00 NOTICE (5): Page not found
2015-03-05T14:03:01+00:00 NOTICE (5): Request Parameters
2015-03-05T14:03:33+00:00 NOTICE (5): Page not found
2015-03-05T14:03:33+00:00 NOTICE (5): Request Parameters
2015-03-05T14:11:10+00:00 NOTICE (5): Page not found
2015-03-05T14:11:10+00:00 NOTICE (5): Request Parameters
2015-03-05T14:11:19+00:00 NOTICE (5): Page not found
2015-03-05T14:11:19+00:00 NOTICE (5): Request Parameters
2015-03-05T14:11:58+00:00 NOTICE (5): Page not found
2015-03-05T14:11:58+00:00 NOTICE (5): Request Parameters
2015-03-05T14:14:34+00:00 NOTICE (5): Page not found
2015-03-05T14:14:34+00:00 NOTICE (5): Request Parameters
2015-03-05T14:14:40+00:00 NOTICE (5): Page not found
2015-03-05T14:14:40+00:00 NOTICE (5): Request Parameters
2015-03-05T14:14:45+00:00 NOTICE (5): Page not found
2015-03-05T14:14:45+00:00 NOTICE (5): Request Parameters
2015-03-05T14:14:48+00:00 NOTICE (5): Page not found
2015-03-05T14:14:48+00:00 NOTICE (5): Request Parameters
2015-03-05T14:14:52+00:00 NOTICE (5): Page not found
2015-03-05T14:14:52+00:00 NOTICE (5): Request Parameters
2015-03-05T14:14:58+00:00 CRIT (2): Database error
2015-03-05T14:14:58+00:00 CRIT (2): Request Parameters
2015-03-05T14:14:58+00:00 NOTICE (5): Page not found
2015-03-05T14:14:58+00:00 NOTICE (5): Request Parameters
2015-03-05T14:18:51+00:00 CRIT (2): Database error
2015-03-05T14:18:51+00:00 CRIT (2): Request Parameters
2015-03-05T14:18:52+00:00 NOTICE (5): Page not found
2015-03-05T14:18:52+00:00 NOTICE (5): Request Parameters
2015-03-05T14:18:56+00:00 NOTICE (5): Page not found
2015-03-05T14:18:56+00:00 NOTICE (5): Request Parameters
2015-03-05T14:20:12+00:00 NOTICE (5): Page not found
2015-03-05T14:20:12+00:00 NOTICE (5): Request Parameters
2015-03-05T14:37:11+00:00 NOTICE (5): Page not found
2015-03-05T14:37:11+00:00 NOTICE (5): Request Parameters
2015-03-05T14:38:32+00:00 NOTICE (5): Page not found
2015-03-05T14:38:32+00:00 NOTICE (5): Request Parameters
2015-03-05T14:39:12+00:00 NOTICE (5): Page not found
2015-03-05T14:39:12+00:00 NOTICE (5): Request Parameters
2015-03-05T14:39:45+00:00 NOTICE (5): Page not found
2015-03-05T14:39:45+00:00 NOTICE (5): Request Parameters
2015-03-05T14:41:56+00:00 NOTICE (5): Page not found
2015-03-05T14:41:56+00:00 NOTICE (5): Request Parameters
2015-03-05T14:42:25+00:00 NOTICE (5): Page not found
2015-03-05T14:42:25+00:00 NOTICE (5): Request Parameters
2015-03-05T14:42:25+00:00 NOTICE (5): Page not found
2015-03-05T14:42:25+00:00 NOTICE (5): Request Parameters
2015-03-05T14:42:25+00:00 NOTICE (5): Page not found
2015-03-05T14:42:25+00:00 NOTICE (5): Request Parameters
2015-03-05T14:51:18+00:00 NOTICE (5): Page not found
2015-03-05T14:51:18+00:00 NOTICE (5): Request Parameters
2015-03-05T14:51:19+00:00 NOTICE (5): Page not found
2015-03-05T14:51:19+00:00 NOTICE (5): Request Parameters
2015-03-05T14:51:19+00:00 NOTICE (5): Page not found
2015-03-05T14:51:19+00:00 NOTICE (5): Request Parameters
2015-03-05T14:51:32+00:00 EMERG (0): Application error
2015-03-05T14:51:32+00:00 EMERG (0): Request Parameters
2015-03-05T14:51:33+00:00 NOTICE (5): Page not found
2015-03-05T14:51:33+00:00 NOTICE (5): Request Parameters
2015-03-05T14:51:33+00:00 NOTICE (5): Page not found
2015-03-05T14:51:33+00:00 NOTICE (5): Request Parameters
2015-03-05T14:51:58+00:00 EMERG (0): Application error
2015-03-05T14:51:58+00:00 EMERG (0): Request Parameters
2015-03-05T14:51:59+00:00 NOTICE (5): Page not found
2015-03-05T14:51:59+00:00 NOTICE (5): Request Parameters
2015-03-05T14:51:59+00:00 NOTICE (5): Page not found
2015-03-05T14:51:59+00:00 NOTICE (5): Request Parameters
2015-03-05T14:51:59+00:00 NOTICE (5): Page not found
2015-03-05T14:51:59+00:00 NOTICE (5): Request Parameters
2015-03-05T14:52:20+00:00 EMERG (0): Application error
2015-03-05T14:52:20+00:00 EMERG (0): Request Parameters
2015-03-05T14:52:21+00:00 EMERG (0): Application error
2015-03-05T14:52:21+00:00 EMERG (0): Request Parameters
2015-03-05T14:52:36+00:00 EMERG (0): Application error
2015-03-05T14:52:36+00:00 EMERG (0): Request Parameters
2015-03-05T14:52:36+00:00 EMERG (0): Application error
2015-03-05T14:52:36+00:00 EMERG (0): Request Parameters
2015-03-05T15:52:25+00:00 NOTICE (5): Page not found
2015-03-05T15:52:25+00:00 NOTICE (5): Request Parameters
2015-03-05T15:52:28+00:00 NOTICE (5): Page not found
2015-03-05T15:52:28+00:00 NOTICE (5): Request Parameters
2015-03-05T15:53:09+00:00 NOTICE (5): Page not found
2015-03-05T15:53:09+00:00 NOTICE (5): Request Parameters
2015-03-05T15:53:14+00:00 NOTICE (5): Page not found
2015-03-05T15:53:14+00:00 NOTICE (5): Request Parameters
2015-03-05T15:56:04+00:00 NOTICE (5): Page not found
2015-03-05T15:56:04+00:00 NOTICE (5): Request Parameters
2015-03-05T15:56:06+00:00 NOTICE (5): Page not found
2015-03-05T15:56:06+00:00 NOTICE (5): Request Parameters
2015-03-05T15:56:08+00:00 NOTICE (5): Page not found
2015-03-05T15:56:08+00:00 NOTICE (5): Request Parameters
2015-03-05T15:56:10+00:00 NOTICE (5): Page not found
2015-03-05T15:56:10+00:00 NOTICE (5): Request Parameters
2015-03-05T15:56:11+00:00 NOTICE (5): Page not found
2015-03-05T15:56:11+00:00 NOTICE (5): Request Parameters
2015-03-05T15:56:14+00:00 NOTICE (5): Page not found
2015-03-05T15:56:14+00:00 NOTICE (5): Request Parameters
2015-03-05T15:56:15+00:00 NOTICE (5): Page not found
2015-03-05T15:56:15+00:00 NOTICE (5): Request Parameters
2015-03-05T15:58:52+00:00 NOTICE (5): Page not found
2015-03-05T15:58:52+00:00 NOTICE (5): Request Parameters
2015-03-05T15:58:56+00:00 NOTICE (5): Page not found
2015-03-05T15:58:56+00:00 NOTICE (5): Request Parameters
2015-03-05T15:58:58+00:00 NOTICE (5): Page not found
2015-03-05T15:58:58+00:00 NOTICE (5): Request Parameters
2015-03-05T15:59:06+00:00 NOTICE (5): Page not found
2015-03-05T15:59:06+00:00 NOTICE (5): Request Parameters
2015-03-05T15:59:07+00:00 NOTICE (5): Page not found
2015-03-05T15:59:07+00:00 NOTICE (5): Request Parameters
2015-03-05T16:01:03+00:00 NOTICE (5): Page not found
2015-03-05T16:01:03+00:00 NOTICE (5): Request Parameters
2015-03-05T16:01:04+00:00 NOTICE (5): Page not found
2015-03-05T16:01:04+00:00 NOTICE (5): Request Parameters
2015-03-05T16:01:24+00:00 NOTICE (5): Page not found
2015-03-05T16:01:24+00:00 NOTICE (5): Request Parameters
2015-03-05T16:01:24+00:00 NOTICE (5): Page not found
2015-03-05T16:01:24+00:00 NOTICE (5): Request Parameters
2015-03-05T16:01:47+00:00 EMERG (0): Application error
2015-03-05T16:01:47+00:00 EMERG (0): Request Parameters
2015-03-05T16:01:47+00:00 NOTICE (5): Page not found
2015-03-05T16:01:47+00:00 NOTICE (5): Request Parameters
2015-03-05T16:02:07+00:00 EMERG (0): Application error
2015-03-05T16:02:07+00:00 EMERG (0): Request Parameters
2015-03-05T16:02:08+00:00 NOTICE (5): Page not found
2015-03-05T16:02:08+00:00 NOTICE (5): Request Parameters
2015-03-05T16:02:33+00:00 NOTICE (5): Page not found
2015-03-05T16:02:33+00:00 NOTICE (5): Request Parameters
2015-03-05T16:02:43+00:00 NOTICE (5): Page not found
2015-03-05T16:02:43+00:00 NOTICE (5): Request Parameters
2015-03-05T16:05:34+00:00 EMERG (0): Application error
2015-03-05T16:05:34+00:00 EMERG (0): Request Parameters
2015-03-05T16:05:35+00:00 NOTICE (5): Page not found
2015-03-05T16:05:35+00:00 NOTICE (5): Request Parameters
2015-03-05T16:06:58+00:00 EMERG (0): Application error
2015-03-05T16:06:58+00:00 EMERG (0): Request Parameters
2015-03-05T16:06:59+00:00 NOTICE (5): Page not found
2015-03-05T16:06:59+00:00 NOTICE (5): Request Parameters
2015-03-05T16:08:26+00:00 NOTICE (5): Page not found
2015-03-05T16:08:26+00:00 NOTICE (5): Request Parameters
2015-03-05T16:08:26+00:00 EMERG (0): Application error
2015-03-05T16:08:26+00:00 EMERG (0): Request Parameters
2015-03-05T16:08:27+00:00 NOTICE (5): Page not found
2015-03-05T16:08:27+00:00 NOTICE (5): Request Parameters
2015-03-05T16:09:52+00:00 NOTICE (5): Page not found
2015-03-05T16:09:52+00:00 NOTICE (5): Request Parameters
2015-03-05T16:09:52+00:00 EMERG (0): Application error
2015-03-05T16:09:52+00:00 EMERG (0): Request Parameters
2015-03-05T16:09:53+00:00 NOTICE (5): Page not found
2015-03-05T16:09:53+00:00 NOTICE (5): Request Parameters
2015-03-05T16:10:27+00:00 NOTICE (5): Page not found
2015-03-05T16:10:27+00:00 NOTICE (5): Request Parameters
2015-03-05T16:10:27+00:00 EMERG (0): Application error
2015-03-05T16:10:27+00:00 EMERG (0): Request Parameters
2015-03-05T16:10:28+00:00 NOTICE (5): Page not found
2015-03-05T16:10:28+00:00 NOTICE (5): Request Parameters
2015-03-05T16:12:18+00:00 NOTICE (5): Page not found
2015-03-05T16:12:18+00:00 NOTICE (5): Request Parameters
2015-03-05T16:12:18+00:00 EMERG (0): Application error
2015-03-05T16:12:18+00:00 EMERG (0): Request Parameters
2015-03-05T16:12:19+00:00 NOTICE (5): Page not found
2015-03-05T16:12:19+00:00 NOTICE (5): Request Parameters
2015-03-05T16:17:32+00:00 EMERG (0): Application error
2015-03-05T16:17:32+00:00 EMERG (0): Request Parameters
2015-03-05T16:17:37+00:00 EMERG (0): Application error
2015-03-05T16:17:37+00:00 EMERG (0): Request Parameters
2015-03-05T16:18:19+00:00 NOTICE (5): Page not found
2015-03-05T16:18:19+00:00 NOTICE (5): Request Parameters
2015-03-05T16:19:11+00:00 EMERG (0): Application error
2015-03-05T16:19:11+00:00 EMERG (0): Request Parameters
2015-03-05T16:19:14+00:00 EMERG (0): Application error
2015-03-05T16:19:14+00:00 EMERG (0): Request Parameters
2015-03-05T16:33:24+00:00 NOTICE (5): Page not found
2015-03-05T16:33:24+00:00 NOTICE (5): Request Parameters
2015-03-05T16:34:41+00:00 CRIT (2): Database error
2015-03-05T16:34:41+00:00 CRIT (2): Request Parameters
2015-03-05T16:34:41+00:00 NOTICE (5): Page not found
2015-03-05T16:34:41+00:00 NOTICE (5): Request Parameters
2015-03-05T16:35:34+00:00 NOTICE (5): Page not found
2015-03-05T16:35:34+00:00 NOTICE (5): Request Parameters
2015-03-05T16:36:30+00:00 EMERG (0): Application error
2015-03-05T16:36:30+00:00 EMERG (0): Request Parameters
2015-03-05T16:36:30+00:00 NOTICE (5): Page not found
2015-03-05T16:36:30+00:00 NOTICE (5): Request Parameters
2015-03-05T16:37:19+00:00 EMERG (0): Application error
2015-03-05T16:37:19+00:00 EMERG (0): Request Parameters
2015-03-05T16:37:20+00:00 NOTICE (5): Page not found
2015-03-05T16:37:20+00:00 NOTICE (5): Request Parameters
